---------------------------------------------------------------
[ 2017-10-01T19:03:45+08:00 ] ::1 ::1 POST /wechat/tags/add.html?spm=m-61-66&open_type=modal
[ error ] [10501]SQLSTATE[HY000]: General error: 1364 Field 'id' doesn't have a default value[/Users/yanglong/phpProject/JSControl/thinkphp/library/think/db/Connection.php:451]
---------------------------------------------------------------
[ 2017-10-01T19:03:47+08:00 ] ::1 ::1 POST /wechat/tags/add.html?spm=m-61-66&open_type=modal
[ error ] [10501]SQLSTATE[HY000]: General error: 1364 Field 'id' doesn't have a default value[/Users/yanglong/phpProject/JSControl/thinkphp/library/think/db/Connection.php:451]
---------------------------------------------------------------
[ 2017-10-01T19:06:07+08:00 ] ::1 ::1 POST /wechat/tags/add.html?spm=m-61-66&open_type=modal
[ error ] [10501]SQLSTATE[HY000]: General error: 1364 Field 'id' doesn't have a default value[/Users/yanglong/phpProject/JSControl/thinkphp/library/think/db/Connection.php:451]
---------------------------------------------------------------
[ 2017-10-01T19:11:16+08:00 ] ::1 ::1 POST /wechat/tags/add.html?spm=m-61-66&open_type=modal
[ error ] [10501]SQLSTATE[HY000]: General error: 1364 Field 'id' doesn't have a default value[/Users/yanglong/phpProject/JSControl/thinkphp/library/think/db/Connection.php:451]
---------------------------------------------------------------
[ 2017-10-01T19:11:57+08:00 ] ::1 ::1 POST /wechat/tags/add.html?spm=m-61-66&open_type=modal
[ error ] [10501]SQLSTATE[HY000]: General error: 1364 Field 'id' doesn't have a default value[/Users/yanglong/phpProject/JSControl/thinkphp/library/think/db/Connection.php:451]
---------------------------------------------------------------
[ 2017-10-01T19:14:05+08:00 ] ::1 ::1 POST /wechat/tags/add.html?spm=m-61-66&open_type=modal
[ error ] [10501]SQLSTATE[HY000]: General error: 1364 Field 'id' doesn't have a default value[/Users/yanglong/phpProject/JSControl/thinkphp/library/think/db/Connection.php:451]
---------------------------------------------------------------
[ 2017-10-01T19:17:09+08:00 ] ::1 ::1 GET /wechat/tags/add.html?spm=m-61-66&open_type=modal
[ error ] [8]未定义数组索引: id[/Users/yanglong/phpProject/JSControl/runtime/temp/e636839ae85ccc3986c0b54a4fecc6a6.php:17]
---------------------------------------------------------------
[ 2017-10-01T19:17:09+08:00 ] ::1 ::1 GET /wechat/tags/add.html?spm=m-61-66&open_type=modal
[ error ] [8]未定义数组索引: id[/Users/yanglong/phpProject/JSControl/runtime/temp/e636839ae85ccc3986c0b54a4fecc6a6.php:17]
---------------------------------------------------------------
[ 2017-10-01T19:17:12+08:00 ] ::1 ::1 GET /wechat/tags/add.html?spm=m-61-66&open_type=modal
[ error ] [8]未定义数组索引: id[/Users/yanglong/phpProject/JSControl/runtime/temp/e636839ae85ccc3986c0b54a4fecc6a6.php:17]
---------------------------------------------------------------
[ 2017-10-01T19:17:30+08:00 ] ::1 ::1 POST /wechat/tags/add.html?spm=m-61-66&open_type=modal
[ error ] [10501]SQLSTATE[HY000]: General error: 1364 Field 'id' doesn't have a default value[/Users/yanglong/phpProject/JSControl/thinkphp/library/think/db/Connection.php:451]
---------------------------------------------------------------
[ 2017-10-01T19:26:01+08:00 ] ::1 ::1 POST /wechat/tags/add.html?spm=m-61-66&open_type=modal
[ error ] [10501]SQLSTATE[HY000]: General error: 1364 Field 'id' doesn't have a default value[/Users/yanglong/phpProject/JSControl/thinkphp/library/think/db/Connection.php:451]
---------------------------------------------------------------
[ 2017-10-01T19:26:05+08:00 ] ::1 ::1 POST /wechat/tags/add.html?spm=m-61-66&open_type=modal
[ error ] [10501]SQLSTATE[HY000]: General error: 1364 Field 'id' doesn't have a default value[/Users/yanglong/phpProject/JSControl/thinkphp/library/think/db/Connection.php:451]
---------------------------------------------------------------
[ 2017-10-01T19:26:23+08:00 ] ::1 ::1 POST /wechat/tags/add.html?spm=m-61-66&open_type=modal
[ error ] [10501]SQLSTATE[HY000]: General error: 1364 Field 'id' doesn't have a default value[/Users/yanglong/phpProject/JSControl/thinkphp/library/think/db/Connection.php:451]
---------------------------------------------------------------
[ 2017-10-01T19:26:24+08:00 ] ::1 ::1 POST /wechat/tags/add.html?spm=m-61-66&open_type=modal
[ error ] [10501]SQLSTATE[HY000]: General error: 1364 Field 'id' doesn't have a default value[/Users/yanglong/phpProject/JSControl/thinkphp/library/think/db/Connection.php:451]
---------------------------------------------------------------
[ 2017-10-01T19:26:25+08:00 ] ::1 ::1 POST /wechat/tags/add.html?spm=m-61-66&open_type=modal
[ error ] [10501]SQLSTATE[HY000]: General error: 1364 Field 'id' doesn't have a default value[/Users/yanglong/phpProject/JSControl/thinkphp/library/think/db/Connection.php:451]
---------------------------------------------------------------
[ 2017-10-01T19:30:27+08:00 ] ::1 ::1 POST /wechat/tags/add.html?spm=m-61-66&open_type=modal
[ error ] [10501]SQLSTATE[HY000]: General error: 1364 Field 'id' doesn't have a default value[/Users/yanglong/phpProject/JSControl/thinkphp/library/think/db/Connection.php:451]
---------------------------------------------------------------
[ 2017-10-01T19:34:26+08:00 ] ::1 ::1 POST /wechat/tags/add.html?spm=m-61-66&open_type=modal
[ error ] [10501]SQLSTATE[HY000]: General error: 1364 Field 'id' doesn't have a default value[/Users/yanglong/phpProject/JSControl/thinkphp/library/think/db/Connection.php:451]
---------------------------------------------------------------
[ 2017-10-01T19:34:28+08:00 ] ::1 ::1 POST /wechat/tags/add.html?spm=m-61-66&open_type=modal
[ error ] [10501]SQLSTATE[HY000]: General error: 1364 Field 'id' doesn't have a default value[/Users/yanglong/phpProject/JSControl/thinkphp/library/think/db/Connection.php:451]
---------------------------------------------------------------
[ 2017-10-01T19:34:36+08:00 ] ::1 ::1 POST /wechat/tags/add.html?spm=m-61-66&open_type=modal
[ error ] [10501]SQLSTATE[HY000]: General error: 1364 Field 'id' doesn't have a default value[/Users/yanglong/phpProject/JSControl/thinkphp/library/think/db/Connection.php:451]
---------------------------------------------------------------
[ 2017-10-01T19:39:33+08:00 ] ::1 ::1 POST /wechat/tags/add.html?spm=m-61-66&open_type=modal
[ error ] [10501]SQLSTATE[HY000]: General error: 1364 Field 'id' doesn't have a default value[/Users/yanglong/phpProject/JSControl/thinkphp/library/think/db/Connection.php:451]
---------------------------------------------------------------
[ 2017-10-01T19:41:04+08:00 ] ::1 ::1 POST /wechat/tags/add.html?spm=m-61-66&open_type=modal
[ error ] [10501]SQLSTATE[HY000]: General error: 1364 Field 'id' doesn't have a default value[/Users/yanglong/phpProject/JSControl/thinkphp/library/think/db/Connection.php:451]
---------------------------------------------------------------
[ 2017-10-01T19:41:29+08:00 ] ::1 ::1 POST /wechat/tags/add.html?spm=m-61-66&open_type=modal
[ error ] [10501]SQLSTATE[HY000]: General error: 1364 Field 'id' doesn't have a default value[/Users/yanglong/phpProject/JSControl/thinkphp/library/think/db/Connection.php:451]
---------------------------------------------------------------
[ 2017-10-01T19:41:34+08:00 ] ::1 ::1 POST /wechat/tags/add.html?spm=m-61-66&open_type=modal
[ error ] [10501]SQLSTATE[HY000]: General error: 1364 Field 'id' doesn't have a default value[/Users/yanglong/phpProject/JSControl/thinkphp/library/think/db/Connection.php:451]
---------------------------------------------------------------
[ 2017-10-01T19:41:39+08:00 ] ::1 ::1 POST /wechat/tags/add.html?spm=m-61-66&open_type=modal
[ error ] [10501]SQLSTATE[HY000]: General error: 1364 Field 'id' doesn't have a default value[/Users/yanglong/phpProject/JSControl/thinkphp/library/think/db/Connection.php:451]
---------------------------------------------------------------
[ 2017-10-01T19:45:23+08:00 ] ::1 ::1 POST /wechat/tags/add.html?spm=m-61-66&open_type=modal
[ error ] [0]数据表字段不存在:[title][/Users/yanglong/phpProject/JSControl/thinkphp/library/think/db/Builder.php:109]
---------------------------------------------------------------
[ 2017-10-01T19:50:31+08:00 ] ::1 ::1 POST /wechat/tags/add.html?spm=m-61-66&open_type=modal
[ error ] [10501]SQLSTATE[HY000]: General error: 1364 Field 'id' doesn't have a default value[/Users/yanglong/phpProject/JSControl/thinkphp/library/think/db/Connection.php:451]
---------------------------------------------------------------
[ 2017-10-01T20:34:26+08:00 ] ::1 ::1 POST /wechat/tags/add.html?spm=m-61-66&open_type=modal
[ error ] [0]数据表字段不存在:[pid][/Users/yanglong/phpProject/JSControl/thinkphp/library/think/db/Builder.php:109]
---------------------------------------------------------------
[ 2017-10-01T20:34:47+08:00 ] ::1 ::1 POST /wechat/tags/add.html?spm=m-61-66&open_type=modal
[ error ] [0]数据表字段不存在:[pid][/Users/yanglong/phpProject/JSControl/thinkphp/library/think/db/Builder.php:109]
---------------------------------------------------------------
[ 2017-10-01T20:34:48+08:00 ] ::1 ::1 POST /wechat/tags/add.html?spm=m-61-66&open_type=modal
[ error ] [0]数据表字段不存在:[pid][/Users/yanglong/phpProject/JSControl/thinkphp/library/think/db/Builder.php:109]
---------------------------------------------------------------
[ 2017-10-01T20:34:55+08:00 ] ::1 ::1 POST /wechat/tags/add.html?spm=m-61-66&open_type=modal
[ error ] [0]数据表字段不存在:[pid][/Users/yanglong/phpProject/JSControl/thinkphp/library/think/db/Builder.php:109]
---------------------------------------------------------------
[ 2017-10-01T22:22:12+08:00 ] ::1 ::1 GET /wechat/tags/edit.html?id=4&spm=m-61-66&open_type=modal
[ error ] [8]未定义变量: user[/Users/yanglong/phpProject/JSControl/runtime/temp/e636839ae85ccc3986c0b54a4fecc6a6.php:47]
---------------------------------------------------------------
[ 2017-10-01T22:22:27+08:00 ] ::1 ::1 GET /wechat/tags/edit.html?id=4&spm=m-61-66&open_type=modal
[ error ] [8]未定义变量: user[/Users/yanglong/phpProject/JSControl/runtime/temp/e636839ae85ccc3986c0b54a4fecc6a6.php:47]
---------------------------------------------------------------
[ 2017-10-01T22:22:31+08:00 ] ::1 ::1 GET /wechat/tags/edit.html?id=4&spm=m-61-66&open_type=modal
[ error ] [8]未定义变量: user[/Users/yanglong/phpProject/JSControl/runtime/temp/e636839ae85ccc3986c0b54a4fecc6a6.php:47]
---------------------------------------------------------------
[ 2017-10-01T22:22:42+08:00 ] ::1 ::1 GET /wechat/tags/edit.html?id=4&spm=m-61-66&open_type=modal
[ error ] [8]未定义变量: user[/Users/yanglong/phpProject/JSControl/runtime/temp/e636839ae85ccc3986c0b54a4fecc6a6.php:47]
---------------------------------------------------------------
[ 2017-10-01T22:23:03+08:00 ] ::1 ::1 GET /wechat/tags/edit.html?id=4&spm=m-61-66&open_type=modal
[ error ] [8]未定义变量: user[/Users/yanglong/phpProject/JSControl/runtime/temp/e636839ae85ccc3986c0b54a4fecc6a6.php:47]
---------------------------------------------------------------
[ 2017-10-01T22:23:59+08:00 ] ::1 ::1 GET /wechat/tags/edit.html?id=4&spm=m-61-66&open_type=modal
[ error ] [8]未定义变量: user[/Users/yanglong/phpProject/JSControl/runtime/temp/e636839ae85ccc3986c0b54a4fecc6a6.php:47]
---------------------------------------------------------------
[ 2017-10-01T22:24:51+08:00 ] ::1 ::1 GET /wechat/tags/edit.html?id=4&spm=m-61-66&open_type=modal
[ error ] [8]未定义变量: user[/Users/yanglong/phpProject/JSControl/runtime/temp/e636839ae85ccc3986c0b54a4fecc6a6.php:47]
---------------------------------------------------------------
[ 2017-10-01T22:25:01+08:00 ] ::1 ::1 GET /wechat/tags/edit.html?id=4&spm=m-61-66&open_type=modal
[ error ] [8]未定义变量: user[/Users/yanglong/phpProject/JSControl/runtime/temp/e636839ae85ccc3986c0b54a4fecc6a6.php:47]
---------------------------------------------------------------
[ 2017-10-01T22:26:11+08:00 ] ::1 ::1 GET /wechat/tags/add.html?spm=m-61-66&open_type=modal
[ error ] [8]未定义数组索引: center[/Users/yanglong/phpProject/JSControl/runtime/temp/e636839ae85ccc3986c0b54a4fecc6a6.php:34]
---------------------------------------------------------------
[ 2017-10-01T22:30:29+08:00 ] ::1 ::1 GET /wechat/tags/edit.html?id=4&spm=m-61-66&open_type=modal
[ error ] [8]未定义变量: user[/Users/yanglong/phpProject/JSControl/runtime/temp/e636839ae85ccc3986c0b54a4fecc6a6.php:47]
---------------------------------------------------------------
[ 2017-10-01T22:32:31+08:00 ] ::1 ::1 GET /wechat/tags/edit.html?id=4&spm=m-61-66&open_type=modal
[ error ] [8]未定义变量: user[/Users/yanglong/phpProject/JSControl/runtime/temp/e636839ae85ccc3986c0b54a4fecc6a6.php:47]
---------------------------------------------------------------
[ 2017-10-01T22:40:01+08:00 ] ::1 ::1 GET /wechat/tags/edit.html?id=4&spm=m-61-66&open_type=modal
[ error ] [4]语法错误: unexpected ';', expecting '}'[/Users/yanglong/phpProject/JSControl/runtime/temp/e636839ae85ccc3986c0b54a4fecc6a6.php:48]
---------------------------------------------------------------
[ 2017-10-01T22:41:30+08:00 ] ::1 ::1 GET /wechat/tags/edit.html?id=4&spm=m-61-66&open_type=modal
[ error ] [4]语法错误: unexpected ')'[/Users/yanglong/phpProject/JSControl/runtime/temp/e636839ae85ccc3986c0b54a4fecc6a6.php:47]
---------------------------------------------------------------
[ 2017-10-01T22:41:41+08:00 ] ::1 ::1 GET /wechat/tags/edit.html?id=4&spm=m-61-66&open_type=modal
[ error ] [4]语法错误: unexpected ')'[/Users/yanglong/phpProject/JSControl/runtime/temp/e636839ae85ccc3986c0b54a4fecc6a6.php:47]
---------------------------------------------------------------
[ 2017-10-01T22:42:41+08:00 ] ::1 ::1 GET /wechat/tags/add.html?spm=m-61-66&open_type=modal
[ error ] [8]未定义数组索引: center[/Users/yanglong/phpProject/JSControl/runtime/temp/e636839ae85ccc3986c0b54a4fecc6a6.php:34]
---------------------------------------------------------------
[ 2017-10-01T22:42:43+08:00 ] ::1 ::1 GET /wechat/tags/add.html?spm=m-61-66&open_type=modal
[ error ] [8]未定义数组索引: center[/Users/yanglong/phpProject/JSControl/runtime/temp/e636839ae85ccc3986c0b54a4fecc6a6.php:34]
---------------------------------------------------------------
[ 2017-10-01T22:42:54+08:00 ] ::1 ::1 GET /wechat/tags/add.html?spm=m-61-66&open_type=modal
[ error ] [8]未定义数组索引: center[/Users/yanglong/phpProject/JSControl/runtime/temp/e636839ae85ccc3986c0b54a4fecc6a6.php:34]
---------------------------------------------------------------
[ 2017-10-01T22:42:56+08:00 ] ::1 ::1 GET /wechat/tags/add.html?spm=m-61-66&open_type=modal
[ error ] [8]未定义数组索引: center[/Users/yanglong/phpProject/JSControl/runtime/temp/e636839ae85ccc3986c0b54a4fecc6a6.php:34]
---------------------------------------------------------------
[ 2017-10-01T22:43:10+08:00 ] ::1 ::1 GET /wechat/tags/add.html?spm=m-61-66&open_type=modal
[ error ] [8]未定义数组索引: username[/Users/yanglong/phpProject/JSControl/runtime/temp/e636839ae85ccc3986c0b54a4fecc6a6.php:41]
---------------------------------------------------------------
[ 2017-10-01T22:43:38+08:00 ] ::1 ::1 GET /wechat/tags/add.html?spm=m-61-66&open_type=modal
[ error ] [8]未定义数组索引: center[/Users/yanglong/phpProject/JSControl/runtime/temp/e636839ae85ccc3986c0b54a4fecc6a6.php:34]
---------------------------------------------------------------
[ 2017-10-01T22:44:18+08:00 ] ::1 ::1 GET /wechat/tags/add.html?spm=m-61-66&open_type=modal
[ error ] [8]未定义数组索引: center[/Users/yanglong/phpProject/JSControl/runtime/temp/e636839ae85ccc3986c0b54a4fecc6a6.php:34]
---------------------------------------------------------------
[ 2017-10-01T22:44:47+08:00 ] ::1 ::1 GET /wechat/tags/add.html?spm=m-61-66&open_type=modal
[ error ] [8]未定义变量: users[/Users/yanglong/phpProject/JSControl/runtime/temp/e636839ae85ccc3986c0b54a4fecc6a6.php:41]
---------------------------------------------------------------
[ 2017-10-01T22:44:48+08:00 ] ::1 ::1 GET /wechat/tags/add.html?spm=m-61-66&open_type=modal
[ error ] [8]未定义变量: users[/Users/yanglong/phpProject/JSControl/runtime/temp/e636839ae85ccc3986c0b54a4fecc6a6.php:41]
---------------------------------------------------------------
[ 2017-10-01T22:44:49+08:00 ] ::1 ::1 GET /wechat/tags/add.html?spm=m-61-66&open_type=modal
[ error ] [8]未定义变量: users[/Users/yanglong/phpProject/JSControl/runtime/temp/e636839ae85ccc3986c0b54a4fecc6a6.php:41]
---------------------------------------------------------------
[ 2017-10-01T22:45:39+08:00 ] ::1 ::1 GET /wechat/tags/add.html?spm=m-61-66&open_type=modal
[ error ] [8]未定义数组索引: center[/Users/yanglong/phpProject/JSControl/runtime/temp/e636839ae85ccc3986c0b54a4fecc6a6.php:34]
---------------------------------------------------------------
[ 2017-10-01T22:47:02+08:00 ] ::1 ::1 GET /wechat/tags/add.html?spm=m-61-66&open_type=modal
[ error ] [8]未定义数组索引: center[/Users/yanglong/phpProject/JSControl/runtime/temp/e636839ae85ccc3986c0b54a4fecc6a6.php:34]
---------------------------------------------------------------
[ 2017-10-01T22:47:52+08:00 ] ::1 ::1 GET /wechat/tags/add.html?spm=m-61-66&open_type=modal
[ error ] [8]未定义数组索引: center[/Users/yanglong/phpProject/JSControl/runtime/temp/e636839ae85ccc3986c0b54a4fecc6a6.php:34]
---------------------------------------------------------------
[ 2017-10-01T22:48:26+08:00 ] ::1 ::1 GET /wechat/tags/add.html?spm=m-61-66&open_type=modal
[ error ] [8]未定义变量: users[/Users/yanglong/phpProject/JSControl/runtime/temp/e636839ae85ccc3986c0b54a4fecc6a6.php:34]
---------------------------------------------------------------
[ 2017-10-01T22:48:34+08:00 ] ::1 ::1 GET /wechat/tags/add.html?spm=m-61-66&open_type=modal
[ error ] [8]未定义数组索引: center[/Users/yanglong/phpProject/JSControl/runtime/temp/e636839ae85ccc3986c0b54a4fecc6a6.php:34]
---------------------------------------------------------------
[ 2017-10-01T22:53:00+08:00 ] ::1 ::1 GET /wechat/tags/add.html?spm=m-61-66&open_type=modal
[ error ] [8]未定义数组索引: username[/Users/yanglong/phpProject/JSControl/runtime/temp/e636839ae85ccc3986c0b54a4fecc6a6.php:47]
---------------------------------------------------------------
[ 2017-10-01T23:22:08+08:00 ] ::1 ::1 GET /api/whereis?id=123
[ error ] [8]未定义数组索引: _URL_[/Users/yanglong/phpProject/JSControl/application/api/controller/Whereis.php:10]
---------------------------------------------------------------
[ 2017-10-01T23:22:36+08:00 ] ::1 ::1 GET /api/whereis?id=123
[ error ] [1]Call to undefined method app\api\controller\Whereis::_param()[/Users/yanglong/phpProject/JSControl/application/api/controller/Whereis.php:10]
---------------------------------------------------------------
[ 2017-10-01T23:22:37+08:00 ] ::1 ::1 GET /api/whereis?id=123
[ error ] [1]Call to undefined method app\api\controller\Whereis::_param()[/Users/yanglong/phpProject/JSControl/application/api/controller/Whereis.php:10]
---------------------------------------------------------------
[ 2017-10-01T23:23:44+08:00 ] ::1 ::1 GET /api/whereis?id=123
[ error ] [8]Use of undefined constant get - assumed 'get'[/Users/yanglong/phpProject/JSControl/application/api/controller/Whereis.php:10]
---------------------------------------------------------------
[ 2017-10-01T23:26:37+08:00 ] ::1 ::1 GET /api/whereis?id=123
[ error ] [1]Call to undefined method app\api\controller\Whereis::assign()[/Users/yanglong/phpProject/JSControl/application/api/controller/Whereis.php:14]
---------------------------------------------------------------
[ 2017-10-01T23:28:42+08:00 ] ::1 ::1 GET /api/whereis?id=123
[ error ] [1]Class 'app\api\controller\Db' not found[/Users/yanglong/phpProject/JSControl/application/api/controller/Whereis.php:15]
---------------------------------------------------------------
[ 2017-10-01T23:30:03+08:00 ] ::1 ::1 GET /api/whereis?id=123
[ error ] [1]Class 'app\api\controller\Db' not found[/Users/yanglong/phpProject/JSControl/application/api/controller/Whereis.php:14]
---------------------------------------------------------------
[ 2017-10-01T23:31:35+08:00 ] ::1 ::1 GET /api/whereis?id=123
[ error ] [1]Class 'app\api\controller\Db' not found[/Users/yanglong/phpProject/JSControl/application/api/controller/Whereis.php:15]
---------------------------------------------------------------
[ 2017-10-01T23:31:40+08:00 ] ::1 ::1 GET /api/whereis?id=123
[ error ] [1]Class 'app\api\controller\Db' not found[/Users/yanglong/phpProject/JSControl/application/api/controller/Whereis.php:14]
---------------------------------------------------------------
[ 2017-10-01T23:31:41+08:00 ] ::1 ::1 GET /api/whereis?id=123
[ error ] [1]Class 'app\api\controller\Db' not found[/Users/yanglong/phpProject/JSControl/application/api/controller/Whereis.php:14]
---------------------------------------------------------------
[ 2017-10-01T23:32:18+08:00 ] ::1 ::1 GET /api/whereis?id=123
[ error ] [1]Class 'app\api\controller\BasicAdmin' not found[/Users/yanglong/phpProject/JSControl/application/api/controller/Whereis.php:11]
---------------------------------------------------------------
[ 2017-10-01T23:32:19+08:00 ] ::1 ::1 GET /api/whereis?id=123
[ error ] [1]Class 'app\api\controller\BasicAdmin' not found[/Users/yanglong/phpProject/JSControl/application/api/controller/Whereis.php:11]
---------------------------------------------------------------
[ 2017-10-01T23:32:37+08:00 ] ::1 ::1 GET /api/whereis?id=123
[ error ] [1]Class 'app\api\controller\Db' not found[/Users/yanglong/phpProject/JSControl/application/api/controller/Whereis.php:14]
---------------------------------------------------------------
[ 2017-10-01T23:33:31+08:00 ] ::1 ::1 GET /api/whereis?id=123
[ error ] [1]Class 'app\api\controller\Db' not found[/Users/yanglong/phpProject/JSControl/application/api/controller/Whereis.php:14]
---------------------------------------------------------------
[ 2017-10-01T23:39:29+08:00 ] ::1 ::1 GET /wechat/tags/add.html?spm=m-61-66&open_type=modal
[ error ] [8]未定义数组索引: center[/Users/yanglong/phpProject/JSControl/runtime/temp/e636839ae85ccc3986c0b54a4fecc6a6.php:34]
---------------------------------------------------------------
[ 2017-10-01T23:41:38+08:00 ] ::1 ::1 GET /wechat/tags/add.html?spm=m-61-66&open_type=modal
[ error ] [8]未定义数组索引: center[/Users/yanglong/phpProject/JSControl/runtime/temp/e636839ae85ccc3986c0b54a4fecc6a6.php:34]
---------------------------------------------------------------
[ 2017-10-01T23:46:15+08:00 ] ::1 ::1 GET /wechat/tags/add.html?spm=m-61-66&open_type=modal
[ error ] [4]语法错误: unexpected 'default' (T_DEFAULT)[/Users/yanglong/phpProject/JSControl/runtime/temp/e636839ae85ccc3986c0b54a4fecc6a6.php:49]
---------------------------------------------------------------
[ 2017-10-01T23:53:30+08:00 ] ::1 ::1 GET /wechat/tags/index.html?spm=m-61-66&appname=&colurl=2009&center=
[ error ] [1]Unsupported operand types[/Users/yanglong/phpProject/JSControl/application/wechat/controller/Tags.php:46]
---------------------------------------------------------------
[ 2017-10-01T23:53:48+08:00 ] ::1 ::1 GET /wechat/tags/index.html?spm=m-61-66&appname=&colurl=2009&center=
[ error ] [8]Array to string conversion[/Users/yanglong/phpProject/JSControl/runtime/temp/28bf67756106cef2982d19b9c34bcece.php:6]
---------------------------------------------------------------
[ 2017-10-01T23:57:23+08:00 ] ::1 ::1 GET /api/whereis?id=2008
[ error ] [1]Class 'app\api\controller\Db' not found[/Users/yanglong/phpProject/JSControl/application/api/controller/Whereis.php:14]
---------------------------------------------------------------
[ 2017-10-01T23:57:58+08:00 ] ::1 ::1 GET /api/whereis?id=2008
[ error ] [1]Class 'app\api\controller\Db' not found[/Users/yanglong/phpProject/JSControl/application/api/controller/Whereis.php:14]
---------------------------------------------------------------
[ 2017-10-01T23:58:02+08:00 ] ::1 ::1 GET /api/whereis?id=123
[ error ] [1]Class 'app\api\controller\Db' not found[/Users/yanglong/phpProject/JSControl/application/api/controller/Whereis.php:14]
---------------------------------------------------------------
[ 2017-10-01T23:59:33+08:00 ] ::1 ::1 GET /api/whereis?id=123
[ error ] [1]Class 'app\api\controller\Db' not found[/Users/yanglong/phpProject/JSControl/application/api/controller/Whereis.php:14]
